<?xml version="1.0" encoding="UTF-8"?>
<!-- Generated by org.testng.reporters.JUnitReportReporter -->
<testsuite hostname="DESKTOP-NCPJDF6" failures="0" tests="10" name="com.naveenautomation.Test.AccountPageTest" time="15.839" errors="0" timestamp="2023-11-20T04:29:58 EST" skipped="9">
  <testcase classname="com.naveenautomation.Test.AccountPageTest" name="validateIfUserCanUpdateAccountInfo" time="15.839"/>
  <testcase classname="com.naveenautomation.Test.AccountPageTest" name="validateNoProductToReturnMessage">
    <skipped/>
  </testcase> <!-- validateNoProductToReturnMessage -->
  <testcase classname="com.naveenautomation.Test.AccountPageTest" name="validateIfUserCanRegisterAffiliateAccount">
    <skipped/>
  </testcase> <!-- validateIfUserCanRegisterAffiliateAccount -->
  <testcase classname="com.naveenautomation.Test.AccountPageTest" name="validateIfUserCanEditAffiliateAccount">
    <skipped/>
  </testcase> <!-- validateIfUserCanEditAffiliateAccount -->
  <testcase classname="com.naveenautomation.Test.AccountPageTest" name="validateIfUserUpdateSubscribtion">
    <skipped/>
  </testcase> <!-- validateIfUserUpdateSubscribtion -->
  <testcase classname="com.naveenautomation.Test.AccountPageTest" name="validateIfUserCanChangePassword">
    <skipped/>
  </testcase> <!-- validateIfUserCanChangePassword -->
  <testcase classname="com.naveenautomation.Test.AccountPageTest" name="validateUserCanRegister">
    <skipped/>
  </testcase> <!-- validateUserCanRegister -->
  <testcase classname="com.naveenautomation.Test.AccountPageTest" name="validateUserCannotNavigateBackToRegistrationPageAfterRegistration">
    <skipped/>
  </testcase> <!-- validateUserCannotNavigateBackToRegistrationPageAfterRegistration -->
  <testcase classname="com.naveenautomation.Test.AccountPageTest" name="validateIfUserCanCustomAffiliateTrackingCode">
    <skipped/>
  </testcase> <!-- validateIfUserCanCustomAffiliateTrackingCode -->
  <testcase classname="com.naveenautomation.Test.AccountPageTest" name="validateUserCanValidateLoginWithValidCredential">
    <skipped/>
  </testcase> <!-- validateUserCanValidateLoginWithValidCredential -->
</testsuite> <!-- com.naveenautomation.Test.AccountPageTest -->
