<?xml version="1.0" encoding="UTF-8"?>
<!-- Generated by org.testng.reporters.JUnitReportReporter -->
<testsuite hostname="DESKTOP-NCPJDF6" failures="0" tests="2" name="com.naveenautomation.Test.HomePageTest" time="22.630" errors="0" timestamp="2023-11-13T17:21:46 EST" skipped="0">
  <testcase classname="com.naveenautomation.Test.HomePageTest" name="validateIfUserCanContactStore" time="10.154"/>
  <testcase classname="com.naveenautomation.Test.HomePageTest" name="validateIfUserLoggedOutSucsessfully" time="12.476"/>
</testsuite> <!-- com.naveenautomation.Test.HomePageTest -->
