<?xml version="1.0" encoding="UTF-8"?>
<!-- Generated by org.testng.reporters.JUnitReportReporter -->
<testsuite hostname="DESKTOP-NCPJDF6" failures="0" tests="1" name="com.naveenautomation.Test.ChangePasswordTest" time="6.986" errors="0" timestamp="07 Oct 2023 11:17:11 GMT" skipped="0">
  <testcase classname="com.naveenautomation.Test.ChangePasswordTest" name="validateIfUserCanChangePassword" time="6.986"/>
</testsuite> <!-- com.naveenautomation.Test.ChangePasswordTest -->
