<?xml version="1.0" encoding="UTF-8"?>
<!-- Generated by org.testng.reporters.JUnitReportReporter -->
<testsuite hostname="DESKTOP-NCPJDF6" failures="0" tests="1" name="com.naveenautomation.Test.ContactUsPageTest" time="20.304" errors="0" timestamp="2023-11-13T17:21:46 EST" skipped="0">
  <testcase classname="com.naveenautomation.Test.ContactUsPageTest" name="validateUserCanSubmitContactUsFormWithoutValues" time="20.304"/>
</testsuite> <!-- com.naveenautomation.Test.ContactUsPageTest -->
