<?xml version="1.0" encoding="UTF-8"?>
<!-- Generated by org.testng.reporters.JUnitReportReporter -->
<testsuite hostname="DESKTOP-NCPJDF6" failures="0" tests="2" name="com.naveenautomation.Test.ProductSearchResultPageTest" time="12.422" errors="0" timestamp="2023-11-13T17:21:46 EST" skipped="0">
  <testcase classname="com.naveenautomation.Test.ProductSearchResultPageTest" name="validateIfUserCanAddProductToTheCart" time="5.655"/>
  <testcase classname="com.naveenautomation.Test.ProductSearchResultPageTest" name="validateIfUserCanSearchProduct" time="6.767"/>
</testsuite> <!-- com.naveenautomation.Test.ProductSearchResultPageTest -->
