<?xml version="1.0" encoding="UTF-8"?>
<!-- Generated by org.testng.reporters.JUnitReportReporter -->
<testsuite hostname="DESKTOP-NCPJDF6" failures="0" tests="1" name="com.naveenautomation.Test.TestAllure" time="0.003" errors="0" timestamp="2023-10-12T18:56:36 EDT" skipped="0">
  <testcase classname="com.naveenautomation.Test.TestAllure" name="testAllure" time="0.003"/>
</testsuite> <!-- com.naveenautomation.Test.TestAllure -->
