<?xml version="1.0" encoding="UTF-8"?>
<!-- Generated by org.testng.reporters.JUnitReportReporter -->
<testsuite hostname="DESKTOP-NCPJDF6" failures="0" tests="1" name="com.naveenautomation.Test.RegistrationPageTest" time="9.484" errors="0" timestamp="2023-11-06T04:09:16 EST" skipped="0">
  <testcase classname="com.naveenautomation.Test.RegistrationPageTest" name="ValidateUserCannotRegisterwithoutCheckingAgreeCheckbox" time="9.484"/>
</testsuite> <!-- com.naveenautomation.Test.RegistrationPageTest -->
