<?xml version="1.0" encoding="UTF-8"?>
<!-- Generated by org.testng.reporters.JUnitReportReporter -->
<testsuite hostname="DESKTOP-NCPJDF6" failures="0" tests="2" name="com.naveenautomation.Test.AddressBookPageTest" time="22.887" errors="0" timestamp="2023-11-13T17:21:46 EST" skipped="0">
  <testcase classname="com.naveenautomation.Test.AddressBookPageTest" name="validateUserCanAddNewAddressBook" time="12.621"/>
  <testcase classname="com.naveenautomation.Test.AddressBookPageTest" name="validateUserCanDeleteAddress" time="10.266"/>
</testsuite> <!-- com.naveenautomation.Test.AddressBookPageTest -->
