<?xml version="1.0" encoding="UTF-8"?>
<!-- Generated by org.testng.reporters.JUnitReportReporter -->
<testsuite hostname="DESKTOP-NCPJDF6" failures="0" tests="1" name="com.naveenautomation.Test.EditAccountInfoPageTest" time="7.277" errors="0" timestamp="07 Oct 2023 10:00:53 GMT" skipped="0">
  <testcase classname="com.naveenautomation.Test.EditAccountInfoPageTest" name="validateIfUserCanUpdateAccountInfo" time="7.277"/>
</testsuite> <!-- com.naveenautomation.Test.EditAccountInfoPageTest -->
