<?xml version="1.0" encoding="UTF-8"?>
<!-- Generated by org.testng.reporters.JUnitReportReporter -->
<testsuite hostname="DESKTOP-NCPJDF6" failures="0" tests="1" name="com.naveenautomation.Test.ForgotPasswordPageTest" time="4.685" errors="0" timestamp="2023-11-13T17:21:46 EST" skipped="0">
  <testcase classname="com.naveenautomation.Test.ForgotPasswordPageTest" name="validateIfUserCanRetrivePassword" time="4.685"/>
</testsuite> <!-- com.naveenautomation.Test.ForgotPasswordPageTest -->
