<?xml version="1.0" encoding="UTF-8"?>
<!-- Generated by org.testng.reporters.JUnitReportReporter -->
<testsuite hostname="DESKTOP-NCPJDF6" failures="0" tests="1" name="com.naveenautomation.Test.AccountPageTest" time="10.065" errors="0" timestamp="2023-11-06T03:45:40 EST" skipped="0">
  <testcase classname="com.naveenautomation.Test.AccountPageTest" name="validateUserCanRegister" time="10.065"/>
</testsuite> <!-- com.naveenautomation.Test.AccountPageTest -->
